0 info it worked if it ends with ok
1 verbose cli [ '/usr/local/bin/node', '/usr/local/bin/npm', 'run', 'build' ]
2 info using npm@3.10.10
3 info using node@v6.9.5
4 verbose run-script [ 'prebuild', 'build', 'postbuild' ]
5 info lifecycle ux-core-demo@0.1.2~prebuild: ux-core-demo@0.1.2
6 silly lifecycle ux-core-demo@0.1.2~prebuild: no script for prebuild, continuing
7 info lifecycle ux-core-demo@0.1.2~build: ux-core-demo@0.1.2
8 verbose lifecycle ux-core-demo@0.1.2~build: unsafe-perm in lifecycle true
9 verbose lifecycle ux-core-demo@0.1.2~build: PATH: /usr/local/lib/node_modules/npm/bin/node-gyp-bin:/Users/nicholas/experimental/angular-library/node_modules/.bin:/Library/Frameworks/Python.framework/Versions/2.7/bin:/Users/nicholas/.local/bin:/usr/local/bin:/usr/bin:/bin:/usr/sbin:/sbin:/usr/local/bin/
10 verbose lifecycle ux-core-demo@0.1.2~build: CWD: /Users/nicholas/experimental/angular-library
11 silly lifecycle ux-core-demo@0.1.2~build: Args: [ '-c',
11 silly lifecycle   'rimraf dist && ts-node tools/inline-styles.ts && tsc -p tsconfig-esm.json && rollup -c rollup.config.js dist/ngresizable.module.js > dist/ngresizable.bundle.js && cp package.json dist && ts-node tools/cleanup.ts && ngc && mv lib/ngresizable.component.ts.bak lib/ngresizable.component.ts && cp README.md dist' ]
12 silly lifecycle ux-core-demo@0.1.2~build: Returned: code: 1  signal: null
13 info lifecycle ux-core-demo@0.1.2~build: Failed to exec build script
14 verbose stack Error: ux-core-demo@0.1.2 build: `rimraf dist && ts-node tools/inline-styles.ts && tsc -p tsconfig-esm.json && rollup -c rollup.config.js dist/ngresizable.module.js > dist/ngresizable.bundle.js && cp package.json dist && ts-node tools/cleanup.ts && ngc && mv lib/ngresizable.component.ts.bak lib/ngresizable.component.ts && cp README.md dist`
14 verbose stack Exit status 1
14 verbose stack     at EventEmitter.<anonymous> (/usr/local/lib/node_modules/npm/lib/utils/lifecycle.js:255:16)
14 verbose stack     at emitTwo (events.js:106:13)
14 verbose stack     at EventEmitter.emit (events.js:191:7)
14 verbose stack     at ChildProcess.<anonymous> (/usr/local/lib/node_modules/npm/lib/utils/spawn.js:40:14)
14 verbose stack     at emitTwo (events.js:106:13)
14 verbose stack     at ChildProcess.emit (events.js:191:7)
14 verbose stack     at maybeClose (internal/child_process.js:877:16)
14 verbose stack     at Process.ChildProcess._handle.onexit (internal/child_process.js:226:5)
15 verbose pkgid ux-core-demo@0.1.2
16 verbose cwd /Users/nicholas/experimental/angular-library
17 error Darwin 15.6.0
18 error argv "/usr/local/bin/node" "/usr/local/bin/npm" "run" "build"
19 error node v6.9.5
20 error npm  v3.10.10
21 error code ELIFECYCLE
22 error ux-core-demo@0.1.2 build: `rimraf dist && ts-node tools/inline-styles.ts && tsc -p tsconfig-esm.json && rollup -c rollup.config.js dist/ngresizable.module.js > dist/ngresizable.bundle.js && cp package.json dist && ts-node tools/cleanup.ts && ngc && mv lib/ngresizable.component.ts.bak lib/ngresizable.component.ts && cp README.md dist`
22 error Exit status 1
23 error Failed at the ux-core-demo@0.1.2 build script 'rimraf dist && ts-node tools/inline-styles.ts && tsc -p tsconfig-esm.json && rollup -c rollup.config.js dist/ngresizable.module.js > dist/ngresizable.bundle.js && cp package.json dist && ts-node tools/cleanup.ts && ngc && mv lib/ngresizable.component.ts.bak lib/ngresizable.component.ts && cp README.md dist'.
23 error Make sure you have the latest version of node.js and npm installed.
23 error If you do, this is most likely a problem with the ux-core-demo package,
23 error not with npm itself.
23 error Tell the author that this fails on your system:
23 error     rimraf dist && ts-node tools/inline-styles.ts && tsc -p tsconfig-esm.json && rollup -c rollup.config.js dist/ngresizable.module.js > dist/ngresizable.bundle.js && cp package.json dist && ts-node tools/cleanup.ts && ngc && mv lib/ngresizable.component.ts.bak lib/ngresizable.component.ts && cp README.md dist
23 error You can get information on how to open an issue for this project with:
23 error     npm bugs ux-core-demo
23 error Or if that isn't available, you can get their info via:
23 error     npm owner ls ux-core-demo
23 error There is likely additional logging output above.
24 verbose exit [ 1, true ]
